Using pre-set license
Built from '2022.3/release' branch; Version is '2022.3.0f1 (fb119bb0b476) revision 16454043'; Using compiler version '192829333'; Build Type 'Release'
OS: 'Windows 11  (10.0.22621) 64bit Professional' Language: 'en' Physical Memory: 16166 MB
BatchMode: 1, IsHumanControllingUs: 0, StartBugReporterOnCrash: 0, Is64bit: 1, IsPro: 1

COMMAND LINE ARGUMENTS:
C:\Program Files\Unity\Hub\Editor\2022.3.0f1\Editor\Unity.exe
-adb2
-batchMode
-noUpm
-name
AssetImportWorker2
-projectPath
C:/Users/Goldac77/OneDrive/Documents/Unity Projects/Classic Snake
-logFile
Logs/AssetImportWorker2.log
-srvPort
55135
Successfully changed project path to: C:/Users/Goldac77/OneDrive/Documents/Unity Projects/Classic Snake
C:/Users/Goldac77/OneDrive/Documents/Unity Projects/Classic Snake
[UnityMemory] Configuration Parameters - Can be set up in boot.config
    "memorysetup-bucket-allocator-granularity=16"
    "memorysetup-bucket-allocator-bucket-count=8"
    "memorysetup-bucket-allocator-block-size=33554432"
    "memorysetup-bucket-allocator-block-count=8"
    "memorysetup-main-allocator-block-size=16777216"
    "memorysetup-thread-allocator-block-size=16777216"
    "memorysetup-gfx-main-allocator-block-size=16777216"
    "memorysetup-gfx-thread-allocator-block-size=16777216"
    "memorysetup-cache-allocator-block-size=4194304"
    "memorysetup-typetree-allocator-block-size=2097152"
    "memorysetup-profiler-bucket-allocator-granularity=16"
    "memorysetup-profiler-bucket-allocator-bucket-count=8"
    "memorysetup-profiler-bucket-allocator-block-size=33554432"
    "memorysetup-profiler-bucket-allocator-block-count=8"
    "memorysetup-profiler-allocator-block-size=16777216"
    "memorysetup-profiler-editor-allocator-block-size=1048576"
    "memorysetup-temp-allocator-size-main=16777216"
    "memorysetup-job-temp-allocator-block-size=2097152"
    "memorysetup-job-temp-allocator-block-size-background=1048576"
    "memorysetup-job-temp-allocator-reduction-small-platforms=262144"
    "memorysetup-allocator-temp-initial-block-size-main=262144"
    "memorysetup-allocator-temp-initial-block-size-worker=262144"
    "memorysetup-temp-allocator-size-background-worker=32768"
    "memorysetup-temp-allocator-size-job-worker=262144"
    "memorysetup-temp-allocator-size-preload-manager=33554432"
    "memorysetup-temp-allocator-size-nav-mesh-worker=65536"
    "memorysetup-temp-allocator-size-audio-worker=65536"
    "memorysetup-temp-allocator-size-cloud-worker=32768"
    "memorysetup-temp-allocator-size-gi-baking-worker=262144"
    "memorysetup-temp-allocator-size-gfx=262144"
Player connection [192352] Host "[IP] 192.168.0.102 [Port] 0 [Flags] 2 [Guid] 3228617393 [EditorId] 3228617393 [Version] 1048832 [Id] WindowsEditor(7,LAPTOP-7O06ET39) [Debug] 1 [PackageName] WindowsEditor [ProjectName] Editor" joined multi-casting on [225.0.0.222:54997]...

Player connection [192352] Host "[IP] 192.168.0.102 [Port] 0 [Flags] 2 [Guid] 3228617393 [EditorId] 3228617393 [Version] 1048832 [Id] WindowsEditor(7,LAPTOP-7O06ET39) [Debug] 1 [PackageName] WindowsEditor [ProjectName] Editor" joined alternative multi-casting on [225.0.0.222:34997]...

Refreshing native plugins compatible for Editor in 1894.28 ms, found 3 plugins.
Preloading 0 native plugins for Editor in 0.00 ms.
Initialize engine version: 2022.3.0f1 (fb119bb0b476)
[Subsystems] Discovering subsystems at path C:/Program Files/Unity/Hub/Editor/2022.3.0f1/Editor/Data/Resources/UnitySubsystems
[Subsystems] Discovering subsystems at path C:/Users/Goldac77/OneDrive/Documents/Unity Projects/Classic Snake/Assets
GfxDevice: creating device client; threaded=0; jobified=0
Direct3D:
    Version:  Direct3D 11.0 [level 11.1]
    Renderer: NVIDIA GeForce GTX 1660 Ti (ID=0x2191)
    Vendor:   NVIDIA
    VRAM:     5979 MB
    Driver:   31.0.15.3734
Initialize mono
Mono path[0] = 'C:/Program Files/Unity/Hub/Editor/2022.3.0f1/Editor/Data/Managed'
Mono path[1] = 'C:/Program Files/Unity/Hub/Editor/2022.3.0f1/Editor/Data/MonoBleedingEdge/lib/mono/unityjit-win32'
Mono config path = 'C:/Program Files/Unity/Hub/Editor/2022.3.0f1/Editor/Data/MonoBleedingEdge/etc'
Using monoOptions --debugger-agent=transport=dt_socket,embedding=1,server=y,suspend=n,address=127.0.0.1:56588
Begin MonoManager ReloadAssembly
Registering precompiled unity dll's ...
Register platform support module: C:/Program Files/Unity/Hub/Editor/2022.3.0f1/Editor/Data/PlaybackEngines/WindowsStandaloneSupport/UnityEditor.WindowsStandalone.Extensions.dll
Registered in 0.010216 seconds.
- Loaded All Assemblies, in  0.446 seconds
Native extension for WindowsStandalone target not found
Mono: successfully reloaded assembly
- Finished resetting the current domain, in  0.348 seconds
Domain Reload Profiling: 792ms
	BeginReloadAssembly (135ms)
		ExecutionOrderSort (0ms)
		DisableScriptedObjects (0ms)
		BackupInstance (0ms)
		ReleaseScriptingObjects (0ms)
		CreateAndSetChildDomain (1ms)
	RebuildCommonClasses (45ms)
	RebuildNativeTypeToScriptingClass (13ms)
	initialDomainReloadingComplete (74ms)
	LoadAllAssembliesAndSetupDomain (175ms)
		LoadAssemblies (131ms)
		RebuildTransferFunctionScriptingTraits (0ms)
		AnalyzeDomain (168ms)
			TypeCache.Refresh (167ms)
				TypeCache.ScanAssembly (150ms)
			ScanForSourceGeneratedMonoScriptInfo (0ms)
			ResolveRequiredComponents (1ms)
	FinalizeReload (349ms)
		ReleaseScriptCaches (0ms)
		RebuildScriptCaches (0ms)
		SetupLoadedEditorAssemblies (268ms)
			LogAssemblyErrors (0ms)
			InitializePlatformSupportModulesInManaged (13ms)
			SetLoadedEditorAssemblies (11ms)
			RefreshPlugins (0ms)
			BeforeProcessingInitializeOnLoad (3ms)
			ProcessInitializeOnLoadAttributes (178ms)
			ProcessInitializeOnLoadMethodAttributes (64ms)
			AfterProcessingInitializeOnLoad (0ms)
			EditorAssembliesLoaded (0ms)
		ExecutionOrderSort2 (0ms)
		AwakeInstancesAfterBackupRestoration (0ms)
========================================================================
Worker process is ready to serve import requests
Begin MonoManager ReloadAssembly
Symbol file LoadedFromMemory doesn't match image C:\Users\Goldac77\OneDrive\Documents\Unity Projects\Classic Snake\Library\PackageCache\com.unity.visualscripting@1.8.0\Editor\VisualScripting.Core\Dependencies\YamlDotNet\Unity.VisualScripting.YamlDotNet.dll
Symbol file LoadedFromMemory doesn't match image C:\Users\Goldac77\OneDrive\Documents\Unity Projects\Classic Snake\Library\PackageCache\com.unity.visualscripting@1.8.0\Editor\VisualScripting.Core\Dependencies\DotNetZip\Unity.VisualScripting.IonicZip.dll
- Loaded All Assemblies, in  4.324 seconds
Refreshing native plugins compatible for Editor in 4.48 ms, found 3 plugins.
Native extension for WindowsStandalone target not found
Mono: successfully reloaded assembly
- Finished resetting the current domain, in  0.848 seconds
Domain Reload Profiling: 5167ms
	BeginReloadAssembly (171ms)
		ExecutionOrderSort (0ms)
		DisableScriptedObjects (7ms)
		BackupInstance (0ms)
		ReleaseScriptingObjects (0ms)
		CreateAndSetChildDomain (27ms)
	RebuildCommonClasses (39ms)
	RebuildNativeTypeToScriptingClass (13ms)
	initialDomainReloadingComplete (51ms)
	LoadAllAssembliesAndSetupDomain (4046ms)
		LoadAssemblies (3716ms)
		RebuildTransferFunctionScriptingTraits (0ms)
		AnalyzeDomain (409ms)
			TypeCache.Refresh (375ms)
				TypeCache.ScanAssembly (353ms)
			ScanForSourceGeneratedMonoScriptInfo (29ms)
			ResolveRequiredComponents (5ms)
	FinalizeReload (848ms)
		ReleaseScriptCaches (0ms)
		RebuildScriptCaches (0ms)
		SetupLoadedEditorAssemblies (663ms)
			LogAssemblyErrors (0ms)
			InitializePlatformSupportModulesInManaged (8ms)
			SetLoadedEditorAssemblies (6ms)
			RefreshPlugins (0ms)
			BeforeProcessingInitializeOnLoad (80ms)
			ProcessInitializeOnLoadAttributes (536ms)
			ProcessInitializeOnLoadMethodAttributes (23ms)
			AfterProcessingInitializeOnLoad (11ms)
			EditorAssembliesLoaded (0ms)
		ExecutionOrderSort2 (0ms)
		AwakeInstancesAfterBackupRestoration (7ms)
Launched and connected shader compiler UnityShaderCompiler.exe after 0.07 seconds
Refreshing native plugins compatible for Editor in 4.51 ms, found 3 plugins.
Preloading 0 native plugins for Editor in 0.00 ms.
Unloading 3082 Unused Serialized files (Serialized files now loaded: 0)
Unloading 31 unused Assets / (56.3 KB). Loaded Objects now: 3546.
Memory consumption went from 119.9 MB to 119.8 MB.
Total: 4.512800 ms (FindLiveObjects: 0.270600 ms CreateObjectMapping: 0.239600 ms MarkObjects: 3.899700 ms  DeleteObjects: 0.101900 ms)

AssetImportParameters requested are different than current active one (requested -> active):
  custom:container-demuxer-ogg: 62fdf1f143b41e24485cea50d1cbac27 -> 
  custom:video-codec-MediaFoundation-h265: 746d11721c4dcdbdad8f713fa42b33f4 -> 
  custom:video-decoder-ogg-theora: a1e56fd34408186e4bbccfd4996cb3dc -> 
  custom:framework-win-MediaFoundation: 216162199b28c13a410421893ffa2e32 -> 
  custom:container-demuxer-webm: 4f35f7cbe854078d1ac9338744f61a02 -> 
  custom:container-muxer-webm: aa71ff27fc2769a1b78a27578f13a17b -> 
  custom:video-decoder-webm-vp8: 9c59270c3fd7afecdb556c50c9e8de78 -> 
  custom:AudioImporter_EditorPlatform: d09bf68614088b80899f8185d706f6e7 -> 
  custom:video-encoder-webm-vp8: eb34c28f22e8b96e1ab97ce403110664 -> 
  custom:audio-decoder-ogg-vorbis: bf7c407c2cedff20999df2af8eb42d56 -> 
  custom:audio-encoder-webm-vorbis: bf7c407c2cedff20999df2af8eb42d56 -> 
========================================================================
Received Import Request.
  Time since last request: 615935.831343 seconds.
  path: Assets/Fonts/roboto-family/roboto.black SDF.asset
  artifactKey: Guid(4c7bb329151a56841885248366586e0b) Importer(815301076,1909f56bfc062723c751e8b465ee728b)
Start importing Assets/Fonts/roboto-family/roboto.black SDF.asset using Guid(4c7bb329151a56841885248366586e0b) Importer(815301076,1909f56bfc062723c751e8b465ee728b)  -> (artifact id: 'dd7dfa670026f29b18ea84d31f557463') in 0.163010 seconds
Number of updated asset objects reloaded before import = 0
Number of asset objects unloaded after import = 6
========================================================================
Received Import Request.
  Time since last request: 21.507987 seconds.
  path: Assets/Fonts/roboto-family/roboto.black-italic SDF.asset
  artifactKey: Guid(2a22171a73144944f9e75dc2e74c0776) Importer(815301076,1909f56bfc062723c751e8b465ee728b)
Start importing Assets/Fonts/roboto-family/roboto.black-italic SDF.asset using Guid(2a22171a73144944f9e75dc2e74c0776) Importer(815301076,1909f56bfc062723c751e8b465ee728b)  -> (artifact id: '4bd03c9fa813ace2affdfa79249af454') in 0.022097 seconds
Number of updated asset objects reloaded before import = 0
Number of asset objects unloaded after import = 6
========================================================================
Received Import Request.
  Time since last request: 0.000018 seconds.
  path: Assets/Fonts/roboto-family/roboto.light SDF.asset
  artifactKey: Guid(39a7bc62b417ed14fbc77437d32b5749) Importer(815301076,1909f56bfc062723c751e8b465ee728b)
Start importing Assets/Fonts/roboto-family/roboto.light SDF.asset using Guid(39a7bc62b417ed14fbc77437d32b5749) Importer(815301076,1909f56bfc062723c751e8b465ee728b)  -> (artifact id: '02393512faec5b0e282cc32e59a56c57') in 0.025817 seconds
Number of updated asset objects reloaded before import = 0
Number of asset objects unloaded after import = 6
========================================================================
Received Import Request.
  Time since last request: 0.000040 seconds.
  path: Assets/Fonts/roboto-family/roboto.italic SDF.asset
  artifactKey: Guid(2a149af77f657da4282e1ef785db836f) Importer(815301076,1909f56bfc062723c751e8b465ee728b)
Start importing Assets/Fonts/roboto-family/roboto.italic SDF.asset using Guid(2a149af77f657da4282e1ef785db836f) Importer(815301076,1909f56bfc062723c751e8b465ee728b)  -> (artifact id: 'f8f8a0bf0024a79a53ddffab318466ce') in 0.024099 seconds
Number of updated asset objects reloaded before import = 0
Number of asset objects unloaded after import = 6
========================================================================
Received Import Request.
  Time since last request: 0.000022 seconds.
  path: Assets/Fonts/roboto-family/roboto.light-italic SDF.asset
  artifactKey: Guid(b27821fe337d2234d99d70a7eb08c775) Importer(815301076,1909f56bfc062723c751e8b465ee728b)
Start importing Assets/Fonts/roboto-family/roboto.light-italic SDF.asset using Guid(b27821fe337d2234d99d70a7eb08c775) Importer(815301076,1909f56bfc062723c751e8b465ee728b)  -> (artifact id: '8c237a4a855341326ba60cc09b024f10') in 0.031864 seconds
Number of updated asset objects reloaded before import = 0
Number of asset objects unloaded after import = 6
========================================================================
Received Import Request.
  Time since last request: 0.000023 seconds.
  path: Assets/Fonts/roboto-family/roboto.thin SDF.asset
  artifactKey: Guid(4d34bbc68131205488b6e201d908242a) Importer(815301076,1909f56bfc062723c751e8b465ee728b)
Start importing Assets/Fonts/roboto-family/roboto.thin SDF.asset using Guid(4d34bbc68131205488b6e201d908242a) Importer(815301076,1909f56bfc062723c751e8b465ee728b)  -> (artifact id: '20ae6b11aee2f7f645c7c2790a531c73') in 0.022401 seconds
Number of updated asset objects reloaded before import = 0
Number of asset objects unloaded after import = 6
========================================================================
Received Import Request.
  Time since last request: 0.000019 seconds.
  path: Assets/Fonts/roboto-family/roboto.medium-italic SDF.asset
  artifactKey: Guid(353c59f34044b1745ab68d84ed9b0f75) Importer(815301076,1909f56bfc062723c751e8b465ee728b)
Start importing Assets/Fonts/roboto-family/roboto.medium-italic SDF.asset using Guid(353c59f34044b1745ab68d84ed9b0f75) Importer(815301076,1909f56bfc062723c751e8b465ee728b)  -> (artifact id: 'f4b2f73dd30ff5e4e00feb464b5a9000') in 0.023285 seconds
Number of updated asset objects reloaded before import = 0
Number of asset objects unloaded after import = 6
========================================================================
Received Import Request.
  Time since last request: 16.730448 seconds.
  path: Assets/TextMesh Pro/Resources/Fonts & Materials/LiberationSans SDF - Fallback.asset
  artifactKey: Guid(2e498d1c8094910479dc3e1b768306a4) Importer(815301076,1909f56bfc062723c751e8b465ee728b)
Start importing Assets/TextMesh Pro/Resources/Fonts & Materials/LiberationSans SDF - Fallback.asset using Guid(2e498d1c8094910479dc3e1b768306a4) Importer(815301076,1909f56bfc062723c751e8b465ee728b)  -> (artifact id: '600a7093723948f2bee4e7631d7dfb56') in 0.036362 seconds
Number of updated asset objects reloaded before import = 0
Number of asset objects unloaded after import = 6
========================================================================
Received Import Request.
  Time since last request: 354.987009 seconds.
  path: Assets/Fonts/Dela_Gothic_One
  artifactKey: Guid(8950e2fa21b6d8841b20d898031fa3d7) Importer(815301076,1909f56bfc062723c751e8b465ee728b)
Start importing Assets/Fonts/Dela_Gothic_One using Guid(8950e2fa21b6d8841b20d898031fa3d7) Importer(815301076,1909f56bfc062723c751e8b465ee728b)  -> (artifact id: 'b022c81fe8d06d11ba6a4700dbeea453') in 0.001075 seconds
Number of updated asset objects reloaded before import = 0
Number of asset objects unloaded after import = 0
========================================================================
Received Import Request.
  Time since last request: 0.036639 seconds.
  path: Assets/Fonts/Dela_Gothic_One/DelaGothicOne-Regular.ttf
  artifactKey: Guid(e14758a875adf174ea559b7ad317bbd0) Importer(815301076,1909f56bfc062723c751e8b465ee728b)
Start importing Assets/Fonts/Dela_Gothic_One/DelaGothicOne-Regular.ttf using Guid(e14758a875adf174ea559b7ad317bbd0) Importer(815301076,1909f56bfc062723c751e8b465ee728b)  -> (artifact id: '375b253883a6e5c65ff338a1df165ba4') in 0.029312 seconds
Number of updated asset objects reloaded before import = 0
Number of asset objects unloaded after import = 4
========================================================================
Received Import Request.
  Time since last request: 6.030661 seconds.
  path: Assets/Fonts/Dela_Gothic_One/DelaGothicOne-Regular SDF.asset
  artifactKey: Guid(117d681edf17e5c498254af87332a8b5) Importer(815301076,1909f56bfc062723c751e8b465ee728b)
Start importing Assets/Fonts/Dela_Gothic_One/DelaGothicOne-Regular SDF.asset using Guid(117d681edf17e5c498254af87332a8b5) Importer(815301076,1909f56bfc062723c751e8b465ee728b)  -> (artifact id: '10490ac0a594fa12225cb5b6a8008661') in 0.024335 seconds
Number of updated asset objects reloaded before import = 0
Number of asset objects unloaded after import = 6
========================================================================
Received Import Request.
  Time since last request: 408.988116 seconds.
  path: Assets/Fonts/Sedgwick_Ave_Display
  artifactKey: Guid(9f2e44142cbcb6e468725703c902447b) Importer(815301076,1909f56bfc062723c751e8b465ee728b)
Start importing Assets/Fonts/Sedgwick_Ave_Display using Guid(9f2e44142cbcb6e468725703c902447b) Importer(815301076,1909f56bfc062723c751e8b465ee728b)  -> (artifact id: '729573649f93772551e265cbeb167970') in 0.000999 seconds
Number of updated asset objects reloaded before import = 0
Number of asset objects unloaded after import = 0
========================================================================
Received Import Request.
  Time since last request: 0.064551 seconds.
  path: Assets/Fonts/Sedgwick_Ave_Display/SedgwickAveDisplay-Regular.ttf
  artifactKey: Guid(cc56d46a96a58af43a13bf878d59966b) Importer(815301076,1909f56bfc062723c751e8b465ee728b)
Start importing Assets/Fonts/Sedgwick_Ave_Display/SedgwickAveDisplay-Regular.ttf using Guid(cc56d46a96a58af43a13bf878d59966b) Importer(815301076,1909f56bfc062723c751e8b465ee728b)  -> (artifact id: '1cad2b397ba67deefdf05b342a59acd7') in 0.020813 seconds
Number of updated asset objects reloaded before import = 0
Number of asset objects unloaded after import = 4
========================================================================
Received Import Request.
  Time since last request: 5.223902 seconds.
  path: Assets/Fonts/Sedgwick_Ave_Display/SedgwickAveDisplay-Regular SDF.asset
  artifactKey: Guid(163bda0f1c9aaa64c8a5163b5d5ec96d) Importer(815301076,1909f56bfc062723c751e8b465ee728b)
Start importing Assets/Fonts/Sedgwick_Ave_Display/SedgwickAveDisplay-Regular SDF.asset using Guid(163bda0f1c9aaa64c8a5163b5d5ec96d) Importer(815301076,1909f56bfc062723c751e8b465ee728b)  -> (artifact id: '77ed2cbadcff3128ee2392b3b5c9cddf') in 0.021120 seconds
Number of updated asset objects reloaded before import = 0
Number of asset objects unloaded after import = 6
========================================================================
Received Import Request.
  Time since last request: 19.584206 seconds.
  path: Assets/Fonts/Dela_Gothic_One/DelaGothicOne-Regular SDF.asset
  artifactKey: Guid(117d681edf17e5c498254af87332a8b5) Importer(815301076,1909f56bfc062723c751e8b465ee728b)
Start importing Assets/Fonts/Dela_Gothic_One/DelaGothicOne-Regular SDF.asset using Guid(117d681edf17e5c498254af87332a8b5) Importer(815301076,1909f56bfc062723c751e8b465ee728b)  -> (artifact id: 'd7b7fe46d17cc59b731e37eaef7c4325') in 0.044533 seconds
Number of updated asset objects reloaded before import = 0
Number of asset objects unloaded after import = 6
========================================================================
Received Import Request.
  Time since last request: 5072.272512 seconds.
  path: Assets/Prefabs/Egg.prefab
  artifactKey: Guid(4e87a5527e0a7b0419f118103440f09d) Importer(815301076,1909f56bfc062723c751e8b465ee728b)
Start importing Assets/Prefabs/Egg.prefab using Guid(4e87a5527e0a7b0419f118103440f09d) Importer(815301076,1909f56bfc062723c751e8b465ee728b)  -> (artifact id: '0f0d2f77624983ecd44cd26a3809dc34') in 0.099220 seconds
Number of updated asset objects reloaded before import = 0
Number of asset objects unloaded after import = 9
========================================================================
Received Import Request.
  Time since last request: 2.955100 seconds.
  path: Assets/Prefabs/Button.prefab
  artifactKey: Guid(1ba7d122a29dba64cb3fa544681c3ea3) Importer(815301076,1909f56bfc062723c751e8b465ee728b)
Start importing Assets/Prefabs/Button.prefab using Guid(1ba7d122a29dba64cb3fa544681c3ea3) Importer(815301076,1909f56bfc062723c751e8b465ee728b)  -> (artifact id: 'b22d143fa76dca6caeff48e60de87ed8') in 0.068035 seconds
Number of updated asset objects reloaded before import = 0
Number of asset objects unloaded after import = 19
========================================================================
Received Import Request.
  Time since last request: 1191.299989 seconds.
  path: Assets/Scenes/Main Menu.unity
  artifactKey: Guid(6527f99db86ab6b45ac243bd384bd4a2) Importer(815301076,1909f56bfc062723c751e8b465ee728b)
Start importing Assets/Scenes/Main Menu.unity using Guid(6527f99db86ab6b45ac243bd384bd4a2) Importer(815301076,1909f56bfc062723c751e8b465ee728b)  -> (artifact id: 'b4bd1a9e066edbb20eb507537483e5ae') in 0.001766 seconds
Number of updated asset objects reloaded before import = 0
Number of asset objects unloaded after import = 0
========================================================================
Received Import Request.
  Time since last request: 1.170820 seconds.
  path: Assets/Scenes/Test Scene.unity
  artifactKey: Guid(9fc0d4010bbf28b4594072e72b8655ab) Importer(815301076,1909f56bfc062723c751e8b465ee728b)
Start importing Assets/Scenes/Test Scene.unity using Guid(9fc0d4010bbf28b4594072e72b8655ab) Importer(815301076,1909f56bfc062723c751e8b465ee728b)  -> (artifact id: '529d2b3c76c2bee1fec25e7bfcc0be59') in 0.002586 seconds
Number of updated asset objects reloaded before import = 0
Number of asset objects unloaded after import = 0
========================================================================
Received Import Request.
  Time since last request: 2824.828595 seconds.
  path: Assets/Prefabs/obstacle_1.prefab
  artifactKey: Guid(dd4f2f139574d104c8c2cf271408cf63) Importer(815301076,1909f56bfc062723c751e8b465ee728b)
Start importing Assets/Prefabs/obstacle_1.prefab using Guid(dd4f2f139574d104c8c2cf271408cf63) Importer(815301076,1909f56bfc062723c751e8b465ee728b)  -> (artifact id: '96aceb5495ff105748406bc23c8c2558') in 0.026722 seconds
Number of updated asset objects reloaded before import = 0
Number of asset objects unloaded after import = 11
========================================================================
Received Import Request.
  Time since last request: 41.240753 seconds.
  path: Assets/Prefabs/obstacle_1.prefab
  artifactKey: Guid(dd4f2f139574d104c8c2cf271408cf63) Importer(815301076,1909f56bfc062723c751e8b465ee728b)
Start importing Assets/Prefabs/obstacle_1.prefab using Guid(dd4f2f139574d104c8c2cf271408cf63) Importer(815301076,1909f56bfc062723c751e8b465ee728b)  -> (artifact id: 'd3db1a441f9be80d4dc0b7f901462637') in 0.016512 seconds
Number of updated asset objects reloaded before import = 0
Number of asset objects unloaded after import = 16
========================================================================
Received Import Request.
  Time since last request: 7.287867 seconds.
  path: Assets/Prefabs/obstacle_1.prefab
  artifactKey: Guid(dd4f2f139574d104c8c2cf271408cf63) Importer(815301076,1909f56bfc062723c751e8b465ee728b)
Start importing Assets/Prefabs/obstacle_1.prefab using Guid(dd4f2f139574d104c8c2cf271408cf63) Importer(815301076,1909f56bfc062723c751e8b465ee728b)  -> (artifact id: '839b9e5f6ae695e33888d54c43d34117') in 0.019081 seconds
Number of updated asset objects reloaded before import = 0
Number of asset objects unloaded after import = 16
========================================================================
Received Import Request.
  Time since last request: 4.916044 seconds.
  path: Assets/Prefabs/obstacle_1.prefab
  artifactKey: Guid(dd4f2f139574d104c8c2cf271408cf63) Importer(815301076,1909f56bfc062723c751e8b465ee728b)
Start importing Assets/Prefabs/obstacle_1.prefab using Guid(dd4f2f139574d104c8c2cf271408cf63) Importer(815301076,1909f56bfc062723c751e8b465ee728b)  -> (artifact id: 'b463c0acb2329612ac61ac48de3cab42') in 0.018696 seconds
Number of updated asset objects reloaded before import = 0
Number of asset objects unloaded after import = 16
========================================================================
Received Import Request.
  Time since last request: 14.851432 seconds.
  path: Assets/Prefabs/obstacle_1.prefab
  artifactKey: Guid(dd4f2f139574d104c8c2cf271408cf63) Importer(815301076,1909f56bfc062723c751e8b465ee728b)
Start importing Assets/Prefabs/obstacle_1.prefab using Guid(dd4f2f139574d104c8c2cf271408cf63) Importer(815301076,1909f56bfc062723c751e8b465ee728b)  -> (artifact id: 'bef899b5895b4d8d44644f583ba7cec3') in 0.017422 seconds
Number of updated asset objects reloaded before import = 0
Number of asset objects unloaded after import = 16
========================================================================
Received Import Request.
  Time since last request: 21.641150 seconds.
  path: Assets/Prefabs/obstacle_2.prefab
  artifactKey: Guid(eff42ccd19f966f47acd4788e3e69bb8) Importer(815301076,1909f56bfc062723c751e8b465ee728b)
Start importing Assets/Prefabs/obstacle_2.prefab using Guid(eff42ccd19f966f47acd4788e3e69bb8) Importer(815301076,1909f56bfc062723c751e8b465ee728b)  -> (artifact id: '3e13d9e4fa94752036304192c622bfec') in 0.016061 seconds
Number of updated asset objects reloaded before import = 0
Number of asset objects unloaded after import = 11
========================================================================
Received Import Request.
  Time since last request: 1.613285 seconds.
  path: Assets/Prefabs/obstacle_2.prefab
  artifactKey: Guid(eff42ccd19f966f47acd4788e3e69bb8) Importer(815301076,1909f56bfc062723c751e8b465ee728b)
Start importing Assets/Prefabs/obstacle_2.prefab using Guid(eff42ccd19f966f47acd4788e3e69bb8) Importer(815301076,1909f56bfc062723c751e8b465ee728b)  -> (artifact id: 'd668cb373461d6707de6d6a2ff96838a') in 0.021552 seconds
Number of updated asset objects reloaded before import = 0
Number of asset objects unloaded after import = 16
========================================================================
Received Import Request.
  Time since last request: 5.807400 seconds.
  path: Assets/Prefabs/obstacle_2.prefab
  artifactKey: Guid(eff42ccd19f966f47acd4788e3e69bb8) Importer(815301076,1909f56bfc062723c751e8b465ee728b)
Start importing Assets/Prefabs/obstacle_2.prefab using Guid(eff42ccd19f966f47acd4788e3e69bb8) Importer(815301076,1909f56bfc062723c751e8b465ee728b)  -> (artifact id: 'c42beaee3fb5d062974113021fa420d0') in 0.015868 seconds
Number of updated asset objects reloaded before import = 0
Number of asset objects unloaded after import = 16
========================================================================
Received Import Request.
  Time since last request: 3.217744 seconds.
  path: Assets/Prefabs/obstacle_2.prefab
  artifactKey: Guid(eff42ccd19f966f47acd4788e3e69bb8) Importer(815301076,1909f56bfc062723c751e8b465ee728b)
Start importing Assets/Prefabs/obstacle_2.prefab using Guid(eff42ccd19f966f47acd4788e3e69bb8) Importer(815301076,1909f56bfc062723c751e8b465ee728b)  -> (artifact id: 'ba4a5c84b2c7b1469ebcad00a35b643a') in 0.018871 seconds
Number of updated asset objects reloaded before import = 0
Number of asset objects unloaded after import = 16
========================================================================
Received Import Request.
  Time since last request: 3.013629 seconds.
  path: Assets/Prefabs/obstacle_2.prefab
  artifactKey: Guid(eff42ccd19f966f47acd4788e3e69bb8) Importer(815301076,1909f56bfc062723c751e8b465ee728b)
Start importing Assets/Prefabs/obstacle_2.prefab using Guid(eff42ccd19f966f47acd4788e3e69bb8) Importer(815301076,1909f56bfc062723c751e8b465ee728b)  -> (artifact id: '5c57ec5ad807681df7e70418d9547c58') in 0.016930 seconds
Number of updated asset objects reloaded before import = 0
Number of asset objects unloaded after import = 16
========================================================================
Received Import Request.
  Time since last request: 10.980187 seconds.
  path: Assets/Prefabs/obstacle_2.prefab
  artifactKey: Guid(eff42ccd19f966f47acd4788e3e69bb8) Importer(815301076,1909f56bfc062723c751e8b465ee728b)
Start importing Assets/Prefabs/obstacle_2.prefab using Guid(eff42ccd19f966f47acd4788e3e69bb8) Importer(815301076,1909f56bfc062723c751e8b465ee728b)  -> (artifact id: '0d9a961356a777af673a0b9f17abb075') in 0.033449 seconds
Number of updated asset objects reloaded before import = 0
Number of asset objects unloaded after import = 16
========================================================================
Received Import Request.
  Time since last request: 8.338325 seconds.
  path: Assets/Prefabs/obstacle_2.prefab
  artifactKey: Guid(eff42ccd19f966f47acd4788e3e69bb8) Importer(815301076,1909f56bfc062723c751e8b465ee728b)
Start importing Assets/Prefabs/obstacle_2.prefab using Guid(eff42ccd19f966f47acd4788e3e69bb8) Importer(815301076,1909f56bfc062723c751e8b465ee728b)  -> (artifact id: '847fb915fdafde4844ded5e7049fbcd8') in 0.015971 seconds
Number of updated asset objects reloaded before import = 0
Number of asset objects unloaded after import = 16
========================================================================
Received Import Request.
  Time since last request: 13.487243 seconds.
  path: Assets/Prefabs/obstacle_2.prefab
  artifactKey: Guid(eff42ccd19f966f47acd4788e3e69bb8) Importer(815301076,1909f56bfc062723c751e8b465ee728b)
Start importing Assets/Prefabs/obstacle_2.prefab using Guid(eff42ccd19f966f47acd4788e3e69bb8) Importer(815301076,1909f56bfc062723c751e8b465ee728b)  -> (artifact id: '305a9152d5c1f9ac0895056fca1ca75f') in 0.016107 seconds
Number of updated asset objects reloaded before import = 0
Number of asset objects unloaded after import = 16
========================================================================
Received Import Request.
  Time since last request: 17.612673 seconds.
  path: Assets/Scripts/Game Manager.cs
  artifactKey: Guid(65d25bb32f03e214eaa949f1c7d38708) Importer(815301076,1909f56bfc062723c751e8b465ee728b)
Start importing Assets/Scripts/Game Manager.cs using Guid(65d25bb32f03e214eaa949f1c7d38708) Importer(815301076,1909f56bfc062723c751e8b465ee728b)  -> (artifact id: 'da2a58cac81eb5d1f39d832f83201b32') in 0.001023 seconds
Number of updated asset objects reloaded before import = 0
Number of asset objects unloaded after import = 0
========================================================================
Received Prepare
Begin MonoManager ReloadAssembly
Symbol file LoadedFromMemory doesn't match image C:\Users\Goldac77\OneDrive\Documents\Unity Projects\Classic Snake\Library\PackageCache\com.unity.visualscripting@1.8.0\Editor\VisualScripting.Core\Dependencies\YamlDotNet\Unity.VisualScripting.YamlDotNet.dll
Symbol file LoadedFromMemory doesn't match image C:\Users\Goldac77\OneDrive\Documents\Unity Projects\Classic Snake\Library\PackageCache\com.unity.visualscripting@1.8.0\Editor\VisualScripting.Core\Dependencies\DotNetZip\Unity.VisualScripting.IonicZip.dll
- Loaded All Assemblies, in  1.520 seconds
Refreshing native plugins compatible for Editor in 4.71 ms, found 3 plugins.
Native extension for WindowsStandalone target not found
Mono: successfully reloaded assembly
- Finished resetting the current domain, in  1.447 seconds
Domain Reload Profiling: 2962ms
	BeginReloadAssembly (379ms)
		ExecutionOrderSort (0ms)
		DisableScriptedObjects (18ms)
		BackupInstance (0ms)
		ReleaseScriptingObjects (0ms)
		CreateAndSetChildDomain (181ms)
	RebuildCommonClasses (49ms)
	RebuildNativeTypeToScriptingClass (18ms)
	initialDomainReloadingComplete (63ms)
	LoadAllAssembliesAndSetupDomain (1005ms)
		LoadAssemblies (557ms)
		RebuildTransferFunctionScriptingTraits (0ms)
		AnalyzeDomain (556ms)
			TypeCache.Refresh (544ms)
				TypeCache.ScanAssembly (499ms)
			ScanForSourceGeneratedMonoScriptInfo (5ms)
			ResolveRequiredComponents (6ms)
	FinalizeReload (1448ms)
		ReleaseScriptCaches (0ms)
		RebuildScriptCaches (0ms)
		SetupLoadedEditorAssemblies (671ms)
			LogAssemblyErrors (0ms)
			InitializePlatformSupportModulesInManaged (8ms)
			SetLoadedEditorAssemblies (7ms)
			RefreshPlugins (0ms)
			BeforeProcessingInitializeOnLoad (85ms)
			ProcessInitializeOnLoadAttributes (531ms)
			ProcessInitializeOnLoadMethodAttributes (28ms)
			AfterProcessingInitializeOnLoad (11ms)
			EditorAssembliesLoaded (0ms)
		ExecutionOrderSort2 (0ms)
		AwakeInstancesAfterBackupRestoration (9ms)
Refreshing native plugins compatible for Editor in 5.71 ms, found 3 plugins.
Preloading 0 native plugins for Editor in 0.00 ms.
Unloading 3061 Unused Serialized files (Serialized files now loaded: 0)
Unloading 23 unused Assets / (31.4 KB). Loaded Objects now: 3596.
Memory consumption went from 120.6 MB to 120.6 MB.
Total: 5.185400 ms (FindLiveObjects: 0.300800 ms CreateObjectMapping: 0.330100 ms MarkObjects: 4.453900 ms  DeleteObjects: 0.099200 ms)

Prepare: number of updated asset objects reloaded= 0
AssetImportParameters requested are different than current active one (requested -> active):
  custom:container-demuxer-ogg: 62fdf1f143b41e24485cea50d1cbac27 -> 
  custom:video-codec-MediaFoundation-h265: 746d11721c4dcdbdad8f713fa42b33f4 -> 
  custom:video-decoder-ogg-theora: a1e56fd34408186e4bbccfd4996cb3dc -> 
  custom:framework-win-MediaFoundation: 216162199b28c13a410421893ffa2e32 -> 
  custom:container-demuxer-webm: 4f35f7cbe854078d1ac9338744f61a02 -> 
  custom:container-muxer-webm: aa71ff27fc2769a1b78a27578f13a17b -> 
  custom:video-decoder-webm-vp8: 9c59270c3fd7afecdb556c50c9e8de78 -> 
  custom:AudioImporter_EditorPlatform: d09bf68614088b80899f8185d706f6e7 -> 
  custom:video-encoder-webm-vp8: eb34c28f22e8b96e1ab97ce403110664 -> 
  custom:audio-decoder-ogg-vorbis: bf7c407c2cedff20999df2af8eb42d56 -> 
  custom:audio-encoder-webm-vorbis: bf7c407c2cedff20999df2af8eb42d56 -> 
========================================================================
Received Prepare
Begin MonoManager ReloadAssembly
Symbol file LoadedFromMemory doesn't match image C:\Users\Goldac77\OneDrive\Documents\Unity Projects\Classic Snake\Library\PackageCache\com.unity.visualscripting@1.8.0\Editor\VisualScripting.Core\Dependencies\YamlDotNet\Unity.VisualScripting.YamlDotNet.dll
Symbol file LoadedFromMemory doesn't match image C:\Users\Goldac77\OneDrive\Documents\Unity Projects\Classic Snake\Library\PackageCache\com.unity.visualscripting@1.8.0\Editor\VisualScripting.Core\Dependencies\DotNetZip\Unity.VisualScripting.IonicZip.dll
- Loaded All Assemblies, in  0.953 seconds
Refreshing native plugins compatible for Editor in 4.40 ms, found 3 plugins.
Native extension for WindowsStandalone target not found
Mono: successfully reloaded assembly
- Finished resetting the current domain, in  1.428 seconds
Domain Reload Profiling: 2376ms
	BeginReloadAssembly (188ms)
		ExecutionOrderSort (0ms)
		DisableScriptedObjects (9ms)
		BackupInstance (0ms)
		ReleaseScriptingObjects (0ms)
		CreateAndSetChildDomain (46ms)
	RebuildCommonClasses (45ms)
	RebuildNativeTypeToScriptingClass (17ms)
	initialDomainReloadingComplete (46ms)
	LoadAllAssembliesAndSetupDomain (652ms)
		LoadAssemblies (370ms)
		RebuildTransferFunctionScriptingTraits (0ms)
		AnalyzeDomain (365ms)
			TypeCache.Refresh (359ms)
				TypeCache.ScanAssembly (342ms)
			ScanForSourceGeneratedMonoScriptInfo (0ms)
			ResolveRequiredComponents (7ms)
	FinalizeReload (1428ms)
		ReleaseScriptCaches (0ms)
		RebuildScriptCaches (0ms)
		SetupLoadedEditorAssemblies (754ms)
			LogAssemblyErrors (0ms)
			InitializePlatformSupportModulesInManaged (11ms)
			SetLoadedEditorAssemblies (5ms)
			RefreshPlugins (0ms)
			BeforeProcessingInitializeOnLoad (94ms)
			ProcessInitializeOnLoadAttributes (599ms)
			ProcessInitializeOnLoadMethodAttributes (31ms)
			AfterProcessingInitializeOnLoad (13ms)
			EditorAssembliesLoaded (0ms)
		ExecutionOrderSort2 (0ms)
		AwakeInstancesAfterBackupRestoration (10ms)
Refreshing native plugins compatible for Editor in 5.35 ms, found 3 plugins.
Preloading 0 native plugins for Editor in 0.00 ms.
Unloading 3062 Unused Serialized files (Serialized files now loaded: 0)
Unloading 22 unused Assets / (30.7 KB). Loaded Objects now: 3599.
Memory consumption went from 120.8 MB to 120.8 MB.
Total: 5.601600 ms (FindLiveObjects: 0.342800 ms CreateObjectMapping: 0.324000 ms MarkObjects: 4.871800 ms  DeleteObjects: 0.062000 ms)

Prepare: number of updated asset objects reloaded= 0
AssetImportParameters requested are different than current active one (requested -> active):
  custom:container-demuxer-ogg: 62fdf1f143b41e24485cea50d1cbac27 -> 
  custom:video-codec-MediaFoundation-h265: 746d11721c4dcdbdad8f713fa42b33f4 -> 
  custom:video-decoder-ogg-theora: a1e56fd34408186e4bbccfd4996cb3dc -> 
  custom:framework-win-MediaFoundation: 216162199b28c13a410421893ffa2e32 -> 
  custom:container-demuxer-webm: 4f35f7cbe854078d1ac9338744f61a02 -> 
  custom:container-muxer-webm: aa71ff27fc2769a1b78a27578f13a17b -> 
  custom:video-decoder-webm-vp8: 9c59270c3fd7afecdb556c50c9e8de78 -> 
  custom:AudioImporter_EditorPlatform: d09bf68614088b80899f8185d706f6e7 -> 
  custom:video-encoder-webm-vp8: eb34c28f22e8b96e1ab97ce403110664 -> 
  custom:audio-decoder-ogg-vorbis: bf7c407c2cedff20999df2af8eb42d56 -> 
  custom:audio-encoder-webm-vorbis: bf7c407c2cedff20999df2af8eb42d56 -> 
========================================================================
Received Prepare
Begin MonoManager ReloadAssembly
Symbol file LoadedFromMemory doesn't match image C:\Users\Goldac77\OneDrive\Documents\Unity Projects\Classic Snake\Library\PackageCache\com.unity.visualscripting@1.8.0\Editor\VisualScripting.Core\Dependencies\YamlDotNet\Unity.VisualScripting.YamlDotNet.dll
Symbol file LoadedFromMemory doesn't match image C:\Users\Goldac77\OneDrive\Documents\Unity Projects\Classic Snake\Library\PackageCache\com.unity.visualscripting@1.8.0\Editor\VisualScripting.Core\Dependencies\DotNetZip\Unity.VisualScripting.IonicZip.dll
- Loaded All Assemblies, in  0.922 seconds
Refreshing native plugins compatible for Editor in 4.56 ms, found 3 plugins.
Native extension for WindowsStandalone target not found
Mono: successfully reloaded assembly
- Finished resetting the current domain, in  1.532 seconds
Domain Reload Profiling: 2449ms
	BeginReloadAssembly (176ms)
		ExecutionOrderSort (0ms)
		DisableScriptedObjects (7ms)
		BackupInstance (0ms)
		ReleaseScriptingObjects (0ms)
		CreateAndSetChildDomain (42ms)
	RebuildCommonClasses (55ms)
	RebuildNativeTypeToScriptingClass (16ms)
	initialDomainReloadingComplete (44ms)
	LoadAllAssembliesAndSetupDomain (626ms)
		LoadAssemblies (339ms)
		RebuildTransferFunctionScriptingTraits (0ms)
		AnalyzeDomain (367ms)
			TypeCache.Refresh (361ms)
				TypeCache.ScanAssembly (349ms)
			ScanForSourceGeneratedMonoScriptInfo (0ms)
			ResolveRequiredComponents (5ms)
	FinalizeReload (1533ms)
		ReleaseScriptCaches (0ms)
		RebuildScriptCaches (0ms)
		SetupLoadedEditorAssemblies (837ms)
			LogAssemblyErrors (0ms)
			InitializePlatformSupportModulesInManaged (13ms)
			SetLoadedEditorAssemblies (7ms)
			RefreshPlugins (0ms)
			BeforeProcessingInitializeOnLoad (108ms)
			ProcessInitializeOnLoadAttributes (666ms)
			ProcessInitializeOnLoadMethodAttributes (29ms)
			AfterProcessingInitializeOnLoad (14ms)
			EditorAssembliesLoaded (0ms)
		ExecutionOrderSort2 (0ms)
		AwakeInstancesAfterBackupRestoration (13ms)
Refreshing native plugins compatible for Editor in 6.19 ms, found 3 plugins.
Preloading 0 native plugins for Editor in 0.00 ms.
Unloading 3062 Unused Serialized files (Serialized files now loaded: 0)
Unloading 22 unused Assets / (30.7 KB). Loaded Objects now: 3602.
Memory consumption went from 120.8 MB to 120.8 MB.
Total: 5.477400 ms (FindLiveObjects: 0.382300 ms CreateObjectMapping: 0.366300 ms MarkObjects: 4.617200 ms  DeleteObjects: 0.100300 ms)

Prepare: number of updated asset objects reloaded= 0
AssetImportParameters requested are different than current active one (requested -> active):
  custom:container-demuxer-ogg: 62fdf1f143b41e24485cea50d1cbac27 -> 
  custom:video-codec-MediaFoundation-h265: 746d11721c4dcdbdad8f713fa42b33f4 -> 
  custom:video-decoder-ogg-theora: a1e56fd34408186e4bbccfd4996cb3dc -> 
  custom:framework-win-MediaFoundation: 216162199b28c13a410421893ffa2e32 -> 
  custom:container-demuxer-webm: 4f35f7cbe854078d1ac9338744f61a02 -> 
  custom:container-muxer-webm: aa71ff27fc2769a1b78a27578f13a17b -> 
  custom:video-decoder-webm-vp8: 9c59270c3fd7afecdb556c50c9e8de78 -> 
  custom:AudioImporter_EditorPlatform: d09bf68614088b80899f8185d706f6e7 -> 
  custom:video-encoder-webm-vp8: eb34c28f22e8b96e1ab97ce403110664 -> 
  custom:audio-decoder-ogg-vorbis: bf7c407c2cedff20999df2af8eb42d56 -> 
  custom:audio-encoder-webm-vorbis: bf7c407c2cedff20999df2af8eb42d56 -> 
========================================================================
Received Import Request.
  Time since last request: 1141.181746 seconds.
  path: Assets/Prefabs/obstacle_1.prefab
  artifactKey: Guid(dd4f2f139574d104c8c2cf271408cf63) Importer(815301076,1909f56bfc062723c751e8b465ee728b)
Start importing Assets/Prefabs/obstacle_1.prefab using Guid(dd4f2f139574d104c8c2cf271408cf63) Importer(815301076,1909f56bfc062723c751e8b465ee728b)  -> (artifact id: '68d81ace3e920247f4b620a42599f5d1') in 0.096995 seconds
Number of updated asset objects reloaded before import = 0
Number of asset objects unloaded after import = 16
========================================================================
Received Import Request.
  Time since last request: 6.900305 seconds.
  path: Assets/Prefabs/obstacle_1.prefab
  artifactKey: Guid(dd4f2f139574d104c8c2cf271408cf63) Importer(815301076,1909f56bfc062723c751e8b465ee728b)
Start importing Assets/Prefabs/obstacle_1.prefab using Guid(dd4f2f139574d104c8c2cf271408cf63) Importer(815301076,1909f56bfc062723c751e8b465ee728b)  -> (artifact id: '608976c35ed97af4232a296dd919c6dd') in 0.017439 seconds
Number of updated asset objects reloaded before import = 0
Number of asset objects unloaded after import = 16
